-------------------------------------------------------------------------------
Test set: Home page
-------------------------------------------------------------------------------
Tests run: 3, Failures: 1, Errors: 0, Skipped: 0, Time elapsed: 34.208 s <<< FAILURE! - in Home page
Verify home page footer contents(Home page)  Time elapsed: 11.871 s  <<< FAILURE!
java.lang.AssertionError: Not matching: Expected [6] Actual [7]

